build/app/intermediates/manifest_merge_blame_file/debug/manifest-merger-blame-debug-report.txt
1<?xml version="1.0" encoding="utf-8"?>
2<manifest xmlns:android="http://schemas.android.com/apk/res/android"
3    package="com.abg.app"
4    android:versionCode="4"
5    android:versionName="0.3.0" >
6
7    <uses-sdk
8        android:minSdkVersion="21"
9        android:targetSdkVersion="35" />
10    <!--
11         The INTERNET permission is required for development. Specifically,
12         the Flutter tool needs it to communicate with the running application
13         to allow setting breakpoints, to provide hot reload, etc.
14    -->
15    <uses-permission android:name="android.permission.INTERNET" />
15-->src\main\AndroidManifest.xml:2:5-66
15-->src\main\AndroidManifest.xml:2:22-64
16
17    <queries>
17-->src\main\AndroidManifest.xml:3:1-24:15
18
19        <!-- If your app opens https URLs -->
20        <intent>
20-->src\main\AndroidManifest.xml:5:9-8:18
21            <action android:name="android.intent.action.VIEW" />
21-->src\main\AndroidManifest.xml:6:13-65
21-->src\main\AndroidManifest.xml:6:21-62
22
23            <data android:scheme="https" />
23-->src\main\AndroidManifest.xml:7:13-44
23-->src\main\AndroidManifest.xml:7:19-41
24        </intent>
25        <!-- If your app makes calls -->
26        <intent>
26-->src\main\AndroidManifest.xml:10:9-13:18
27            <action android:name="android.intent.action.DIAL" />
27-->src\main\AndroidManifest.xml:11:13-65
27-->src\main\AndroidManifest.xml:11:21-62
28
29            <data android:scheme="tel" />
29-->src\main\AndroidManifest.xml:7:13-44
29-->src\main\AndroidManifest.xml:7:19-41
30        </intent>
31        <!-- If your sends SMS messages -->
32        <intent>
32-->src\main\AndroidManifest.xml:15:9-18:18
33            <action android:name="android.intent.action.SENDTO" />
33-->src\main\AndroidManifest.xml:16:13-67
33-->src\main\AndroidManifest.xml:16:21-64
34
35            <data android:scheme="smsto" />
35-->src\main\AndroidManifest.xml:7:13-44
35-->src\main\AndroidManifest.xml:7:19-41
36        </intent>
37        <!-- If your app sends emails -->
38        <intent>
38-->src\main\AndroidManifest.xml:20:9-23:18
39            <action android:name="android.intent.action.SEND" />
39-->src\main\AndroidManifest.xml:21:13-65
39-->src\main\AndroidManifest.xml:21:21-62
40
41            <data android:mimeType="*/*" />
41-->src\main\AndroidManifest.xml:7:13-44
42        </intent>
43    </queries>
44
45    <permission
45-->[androidx.core:core:1.13.1] AndroidManifest.xml:22:5-24:47
46        android:name="com.abg.app.DYNAMIC_RECEIVER_NOT_EXPORTED_PERMISSION"
46-->[androidx.core:core:1.13.1] AndroidManifest.xml:23:9-81
47        android:protectionLevel="signature" />
47-->[androidx.core:core:1.13.1] AndroidManifest.xml:24:9-44
48
49    <uses-permission android:name="com.abg.app.DYNAMIC_RECEIVER_NOT_EXPORTED_PERMISSION" />
49-->[androidx.core:core:1.13.1] AndroidManifest.xml:26:5-97
49-->[androidx.core:core:1.13.1] AndroidManifest.xml:26:22-94
50
51    <application
52        android:name="android.app.Application"
53        android:appComponentFactory="androidx.core.app.CoreComponentFactory"
53-->[androidx.core:core:1.13.1] AndroidManifest.xml:28:18-86
54        android:debuggable="true"
55        android:enableOnBackInvokedCallback="true"
56        android:extractNativeLibs="true"
57        android:icon="@mipmap/ic_launcher"
58        android:label="Aglan ABG" >
59        <activity
60            android:name="com.abg.app.MainActivity"
61            android:configChanges="orientation|keyboardHidden|keyboard|screenSize|smallestScreenSize|locale|layoutDirection|fontScale|screenLayout|density|uiMode"
62            android:exported="true"
63            android:hardwareAccelerated="true"
64            android:launchMode="singleTop"
65            android:theme="@style/LaunchTheme"
66            android:windowSoftInputMode="adjustResize" >
67
68            <!--
69                 Specifies an Android theme to apply to this Activity as soon as
70                 the Android process has started. This theme is visible to the user
71                 while the Flutter UI initializes. After that, this theme continues
72                 to determine the Window background behind the Flutter UI.
73            -->
74            <meta-data
75                android:name="io.flutter.embedding.android.NormalTheme"
76                android:resource="@style/NormalTheme" />
77
78            <intent-filter>
79                <action android:name="android.intent.action.MAIN" />
80
81                <category android:name="android.intent.category.LAUNCHER" />
82            </intent-filter>
83        </activity>
84        <!--
85             Don't delete the meta-data below.
86             This is used by the Flutter tool to generate GeneratedPluginRegistrant.java
87        -->
88        <meta-data
89            android:name="flutterEmbedding"
90            android:value="2" />
91
92        <activity
92-->[:url_launcher_android] AndroidManifest.xml:8:9-11:74
93            android:name="io.flutter.plugins.urllauncher.WebViewActivity"
93-->[:url_launcher_android] AndroidManifest.xml:9:13-74
94            android:exported="false"
94-->[:url_launcher_android] AndroidManifest.xml:10:13-37
95            android:theme="@android:style/Theme.NoTitleBar.Fullscreen" />
95-->[:url_launcher_android] AndroidManifest.xml:11:13-71
96
97        <uses-library
97-->[androidx.window:window:1.2.0] AndroidManifest.xml:23:9-25:40
98            android:name="androidx.window.extensions"
98-->[androidx.window:window:1.2.0] AndroidManifest.xml:24:13-54
99            android:required="false" />
99-->[androidx.window:window:1.2.0] AndroidManifest.xml:25:13-37
100        <uses-library
100-->[androidx.window:window:1.2.0] AndroidManifest.xml:26:9-28:40
101            android:name="androidx.window.sidecar"
101-->[androidx.window:window:1.2.0] AndroidManifest.xml:27:13-51
102            android:required="false" />
102-->[androidx.window:window:1.2.0] AndroidManifest.xml:28:13-37
103
104        <provider
104-->[androidx.emoji2:emoji2:1.2.0] AndroidManifest.xml:24:9-32:20
105            android:name="androidx.startup.InitializationProvider"
105-->[androidx.emoji2:emoji2:1.2.0] AndroidManifest.xml:25:13-67
106            android:authorities="com.abg.app.androidx-startup"
106-->[androidx.emoji2:emoji2:1.2.0] AndroidManifest.xml:26:13-68
107            android:exported="false" >
107-->[androidx.emoji2:emoji2:1.2.0] AndroidManifest.xml:27:13-37
108            <meta-data
108-->[androidx.emoji2:emoji2:1.2.0] AndroidManifest.xml:29:13-31:52
109                android:name="androidx.emoji2.text.EmojiCompatInitializer"
109-->[androidx.emoji2:emoji2:1.2.0] AndroidManifest.xml:30:17-75
110                android:value="androidx.startup" />
110-->[androidx.emoji2:emoji2:1.2.0] AndroidManifest.xml:31:17-49
111            <meta-data
111-->[androidx.lifecycle:lifecycle-process:2.7.0] AndroidManifest.xml:29:13-31:52
112                android:name="androidx.lifecycle.ProcessLifecycleInitializer"
112-->[androidx.lifecycle:lifecycle-process:2.7.0] AndroidManifest.xml:30:17-78
113                android:value="androidx.startup" />
113-->[androidx.lifecycle:lifecycle-process:2.7.0] AndroidManifest.xml:31:17-49
114            <meta-data
114-->[androidx.profileinstaller:profileinstaller:1.3.1] AndroidManifest.xml:29:13-31:52
115                android:name="androidx.profileinstaller.ProfileInstallerInitializer"
115-->[androidx.profileinstaller:profileinstaller:1.3.1] AndroidManifest.xml:30:17-85
116                android:value="androidx.startup" />
116-->[androidx.profileinstaller:profileinstaller:1.3.1] AndroidManifest.xml:31:17-49
117        </provider>
118
119        <receiver
119-->[androidx.profileinstaller:profileinstaller:1.3.1] AndroidManifest.xml:34:9-52:20
120            android:name="androidx.profileinstaller.ProfileInstallReceiver"
120-->[androidx.profileinstaller:profileinstaller:1.3.1] AndroidManifest.xml:35:13-76
121            android:directBootAware="false"
121-->[androidx.profileinstaller:profileinstaller:1.3.1] AndroidManifest.xml:36:13-44
122            android:enabled="true"
122-->[androidx.profileinstaller:profileinstaller:1.3.1] AndroidManifest.xml:37:13-35
123            android:exported="true"
123-->[androidx.profileinstaller:profileinstaller:1.3.1] AndroidManifest.xml:38:13-36
124            android:permission="android.permission.DUMP" >
124-->[androidx.profileinstaller:profileinstaller:1.3.1] AndroidManifest.xml:39:13-57
125            <intent-filter>
125-->[androidx.profileinstaller:profileinstaller:1.3.1] AndroidManifest.xml:40:13-42:29
126                <action android:name="androidx.profileinstaller.action.INSTALL_PROFILE" />
126-->[androidx.profileinstaller:profileinstaller:1.3.1] AndroidManifest.xml:41:17-91
126-->[androidx.profileinstaller:profileinstaller:1.3.1] AndroidManifest.xml:41:25-88
127            </intent-filter>
128            <intent-filter>
128-->[androidx.profileinstaller:profileinstaller:1.3.1] AndroidManifest.xml:43:13-45:29
129                <action android:name="androidx.profileinstaller.action.SKIP_FILE" />
129-->[androidx.profileinstaller:profileinstaller:1.3.1] AndroidManifest.xml:44:17-85
129-->[androidx.profileinstaller:profileinstaller:1.3.1] AndroidManifest.xml:44:25-82
130            </intent-filter>
131            <intent-filter>
131-->[androidx.profileinstaller:profileinstaller:1.3.1] AndroidManifest.xml:46:13-48:29
132                <action android:name="androidx.profileinstaller.action.SAVE_PROFILE" />
132-->[androidx.profileinstaller:profileinstaller:1.3.1] AndroidManifest.xml:47:17-88
132-->[androidx.profileinstaller:profileinstaller:1.3.1] AndroidManifest.xml:47:25-85
133            </intent-filter>
134            <intent-filter>
134-->[androidx.profileinstaller:profileinstaller:1.3.1] AndroidManifest.xml:49:13-51:29
135                <action android:name="androidx.profileinstaller.action.BENCHMARK_OPERATION" />
135-->[androidx.profileinstaller:profileinstaller:1.3.1] AndroidManifest.xml:50:17-95
135-->[androidx.profileinstaller:profileinstaller:1.3.1] AndroidManifest.xml:50:25-92
136            </intent-filter>
137        </receiver>
138    </application>
139
140</manifest>